<?xml version="1.0" encoding="UTF-8"?>
<testsuite xmlns:xsi="http://www.w3.org/2001/XMLSchema-instance" xsi:noNamespaceSchemaLocation="https://maven.apache.org/surefire/maven-surefire-plugin/xsd/surefire-test-report.xsd" name="com.example.RocketMQTest" time="2.121" tests="1" errors="1" skipped="0" failures="0">
  <properties>
    <property name="java.specification.version" value="17"/>
    <property name="sun.cpu.isalist" value="amd64"/>
    <property name="sun.jnu.encoding" value="GBK"/>
    <property name="java.class.path" value="D:\IdeaCode\zrqspc\rocketmqandkafka\target\test-classes;D:\IdeaCode\zrqspc\rocketmqandkafka\target\classes;D:\javadevelop\Maven_repository_3.9.3\org\springframework\boot\spring-boot-starter\3.0.7\spring-boot-starter-3.0.7.jar;D:\javadevelop\Maven_repository_3.9.3\org\springframework\boot\spring-boot\3.0.7\spring-boot-3.0.7.jar;D:\javadevelop\Maven_repository_3.9.3\org\springframework\spring-context\6.0.9\spring-context-6.0.9.jar;D:\javadevelop\Maven_repository_3.9.3\org\springframework\spring-beans\6.0.9\spring-beans-6.0.9.jar;D:\javadevelop\Maven_repository_3.9.3\org\springframework\spring-expression\6.0.9\spring-expression-6.0.9.jar;D:\javadevelop\Maven_repository_3.9.3\org\springframework\boot\spring-boot-autoconfigure\3.0.7\spring-boot-autoconfigure-3.0.7.jar;D:\javadevelop\Maven_repository_3.9.3\org\springframework\boot\spring-boot-starter-logging\3.0.7\spring-boot-starter-logging-3.0.7.jar;D:\javadevelop\Maven_repository_3.9.3\ch\qos\logback\logback-classic\1.4.7\logback-classic-1.4.7.jar;D:\javadevelop\Maven_repository_3.9.3\ch\qos\logback\logback-core\1.4.7\logback-core-1.4.7.jar;D:\javadevelop\Maven_repository_3.9.3\org\apache\logging\log4j\log4j-to-slf4j\2.19.0\log4j-to-slf4j-2.19.0.jar;D:\javadevelop\Maven_repository_3.9.3\org\apache\logging\log4j\log4j-api\2.19.0\log4j-api-2.19.0.jar;D:\javadevelop\Maven_repository_3.9.3\org\slf4j\jul-to-slf4j\2.0.7\jul-to-slf4j-2.0.7.jar;D:\javadevelop\Maven_repository_3.9.3\jakarta\annotation\jakarta.annotation-api\2.1.1\jakarta.annotation-api-2.1.1.jar;D:\javadevelop\Maven_repository_3.9.3\org\springframework\spring-core\6.0.9\spring-core-6.0.9.jar;D:\javadevelop\Maven_repository_3.9.3\org\springframework\spring-jcl\6.0.9\spring-jcl-6.0.9.jar;D:\javadevelop\Maven_repository_3.9.3\org\yaml\snakeyaml\1.33\snakeyaml-1.33.jar;D:\javadevelop\Maven_repository_3.9.3\org\springframework\boot\spring-boot-starter-test\3.0.7\spring-boot-starter-test-3.0.7.jar;D:\javadevelop\Maven_repository_3.9.3\org\springframework\boot\spring-boot-test\3.0.7\spring-boot-test-3.0.7.jar;D:\javadevelop\Maven_repository_3.9.3\org\springframework\boot\spring-boot-test-autoconfigure\3.0.7\spring-boot-test-autoconfigure-3.0.7.jar;D:\javadevelop\Maven_repository_3.9.3\com\jayway\jsonpath\json-path\2.7.0\json-path-2.7.0.jar;D:\javadevelop\Maven_repository_3.9.3\net\minidev\json-smart\2.4.11\json-smart-2.4.11.jar;D:\javadevelop\Maven_repository_3.9.3\net\minidev\accessors-smart\2.4.11\accessors-smart-2.4.11.jar;D:\javadevelop\Maven_repository_3.9.3\org\ow2\asm\asm\9.3\asm-9.3.jar;D:\javadevelop\Maven_repository_3.9.3\org\slf4j\slf4j-api\2.0.7\slf4j-api-2.0.7.jar;D:\javadevelop\Maven_repository_3.9.3\jakarta\xml\bind\jakarta.xml.bind-api\4.0.0\jakarta.xml.bind-api-4.0.0.jar;D:\javadevelop\Maven_repository_3.9.3\jakarta\activation\jakarta.activation-api\2.1.2\jakarta.activation-api-2.1.2.jar;D:\javadevelop\Maven_repository_3.9.3\org\assertj\assertj-core\3.23.1\assertj-core-3.23.1.jar;D:\javadevelop\Maven_repository_3.9.3\net\bytebuddy\byte-buddy\1.12.23\byte-buddy-1.12.23.jar;D:\javadevelop\Maven_repository_3.9.3\org\hamcrest\hamcrest\2.2\hamcrest-2.2.jar;D:\javadevelop\Maven_repository_3.9.3\org\junit\jupiter\junit-jupiter\5.9.3\junit-jupiter-5.9.3.jar;D:\javadevelop\Maven_repository_3.9.3\org\junit\jupiter\junit-jupiter-api\5.9.3\junit-jupiter-api-5.9.3.jar;D:\javadevelop\Maven_repository_3.9.3\org\opentest4j\opentest4j\1.2.0\opentest4j-1.2.0.jar;D:\javadevelop\Maven_repository_3.9.3\org\junit\platform\junit-platform-commons\1.9.3\junit-platform-commons-1.9.3.jar;D:\javadevelop\Maven_repository_3.9.3\org\apiguardian\apiguardian-api\1.1.2\apiguardian-api-1.1.2.jar;D:\javadevelop\Maven_repository_3.9.3\org\junit\jupiter\junit-jupiter-params\5.9.3\junit-jupiter-params-5.9.3.jar;D:\javadevelop\Maven_repository_3.9.3\org\junit\jupiter\junit-jupiter-engine\5.9.3\junit-jupiter-engine-5.9.3.jar;D:\javadevelop\Maven_repository_3.9.3\org\junit\platform\junit-platform-engine\1.9.3\junit-platform-engine-1.9.3.jar;D:\javadevelop\Maven_repository_3.9.3\org\mockito\mockito-core\4.8.1\mockito-core-4.8.1.jar;D:\javadevelop\Maven_repository_3.9.3\net\bytebuddy\byte-buddy-agent\1.12.23\byte-buddy-agent-1.12.23.jar;D:\javadevelop\Maven_repository_3.9.3\org\objenesis\objenesis\3.2\objenesis-3.2.jar;D:\javadevelop\Maven_repository_3.9.3\org\mockito\mockito-junit-jupiter\4.8.1\mockito-junit-jupiter-4.8.1.jar;D:\javadevelop\Maven_repository_3.9.3\org\skyscreamer\jsonassert\1.5.1\jsonassert-1.5.1.jar;D:\javadevelop\Maven_repository_3.9.3\com\vaadin\external\google\android-json\0.0.20131108.vaadin1\android-json-0.0.20131108.vaadin1.jar;D:\javadevelop\Maven_repository_3.9.3\org\springframework\spring-test\6.0.9\spring-test-6.0.9.jar;D:\javadevelop\Maven_repository_3.9.3\org\xmlunit\xmlunit-core\2.9.1\xmlunit-core-2.9.1.jar;D:\javadevelop\Maven_repository_3.9.3\org\apache\rocketmq\rocketmq-spring-boot-starter\2.3.0\rocketmq-spring-boot-starter-2.3.0.jar;D:\javadevelop\Maven_repository_3.9.3\org\apache\rocketmq\rocketmq-spring-boot\2.3.0\rocketmq-spring-boot-2.3.0.jar;D:\javadevelop\Maven_repository_3.9.3\org\apache\rocketmq\rocketmq-client\5.2.0\rocketmq-client-5.2.0.jar;D:\javadevelop\Maven_repository_3.9.3\org\apache\rocketmq\rocketmq-remoting\5.2.0\rocketmq-remoting-5.2.0.jar;D:\javadevelop\Maven_repository_3.9.3\org\apache\commons\commons-lang3\3.12.0\commons-lang3-3.12.0.jar;D:\javadevelop\Maven_repository_3.9.3\com\google\guava\guava\32.0.1-jre\guava-32.0.1-jre.jar;D:\javadevelop\Maven_repository_3.9.3\com\google\guava\failureaccess\1.0.1\failureaccess-1.0.1.jar;D:\javadevelop\Maven_repository_3.9.3\com\google\guava\listenablefuture\9999.0-empty-to-avoid-conflict-with-guava\listenablefuture-9999.0-empty-to-avoid-conflict-with-guava.jar;D:\javadevelop\Maven_repository_3.9.3\com\google\code\findbugs\jsr305\3.0.2\jsr305-3.0.2.jar;D:\javadevelop\Maven_repository_3.9.3\org\checkerframework\checker-qual\3.33.0\checker-qual-3.33.0.jar;D:\javadevelop\Maven_repository_3.9.3\com\google\j2objc\j2objc-annotations\2.8\j2objc-annotations-2.8.jar;D:\javadevelop\Maven_repository_3.9.3\io\github\aliyunmq\rocketmq-slf4j-api\1.0.1\rocketmq-slf4j-api-1.0.1.jar;D:\javadevelop\Maven_repository_3.9.3\io\github\aliyunmq\rocketmq-logback-classic\1.0.1\rocketmq-logback-classic-1.0.1.jar;D:\javadevelop\Maven_repository_3.9.3\org\awaitility\awaitility\4.2.0\awaitility-4.2.0.jar;D:\javadevelop\Maven_repository_3.9.3\org\apache\rocketmq\rocketmq-acl\5.2.0\rocketmq-acl-5.2.0.jar;D:\javadevelop\Maven_repository_3.9.3\org\apache\rocketmq\rocketmq-proto\2.0.3\rocketmq-proto-2.0.3.jar;D:\javadevelop\Maven_repository_3.9.3\org\apache\rocketmq\rocketmq-common\5.2.0\rocketmq-common-5.2.0.jar;D:\javadevelop\Maven_repository_3.9.3\com\alibaba\fastjson\1.2.83\fastjson-1.2.83.jar;D:\javadevelop\Maven_repository_3.9.3\io\netty\netty-all\4.1.92.Final\netty-all-4.1.92.Final.jar;D:\javadevelop\Maven_repository_3.9.3\io\netty\netty-buffer\4.1.92.Final\netty-buffer-4.1.92.Final.jar;D:\javadevelop\Maven_repository_3.9.3\io\netty\netty-codec\4.1.92.Final\netty-codec-4.1.92.Final.jar;D:\javadevelop\Maven_repository_3.9.3\io\netty\netty-codec-dns\4.1.92.Final\netty-codec-dns-4.1.92.Final.jar;D:\javadevelop\Maven_repository_3.9.3\io\netty\netty-codec-haproxy\4.1.92.Final\netty-codec-haproxy-4.1.92.Final.jar;D:\javadevelop\Maven_repository_3.9.3\io\netty\netty-codec-http\4.1.92.Final\netty-codec-http-4.1.92.Final.jar;D:\javadevelop\Maven_repository_3.9.3\io\netty\netty-codec-http2\4.1.92.Final\netty-codec-http2-4.1.92.Final.jar;D:\javadevelop\Maven_repository_3.9.3\io\netty\netty-codec-memcache\4.1.92.Final\netty-codec-memcache-4.1.92.Final.jar;D:\javadevelop\Maven_repository_3.9.3\io\netty\netty-codec-mqtt\4.1.92.Final\netty-codec-mqtt-4.1.92.Final.jar;D:\javadevelop\Maven_repository_3.9.3\io\netty\netty-codec-redis\4.1.92.Final\netty-codec-redis-4.1.92.Final.jar;D:\javadevelop\Maven_repository_3.9.3\io\netty\netty-codec-smtp\4.1.92.Final\netty-codec-smtp-4.1.92.Final.jar;D:\javadevelop\Maven_repository_3.9.3\io\netty\netty-codec-socks\4.1.92.Final\netty-codec-socks-4.1.92.Final.jar;D:\javadevelop\Maven_repository_3.9.3\io\netty\netty-codec-stomp\4.1.92.Final\netty-codec-stomp-4.1.92.Final.jar;D:\javadevelop\Maven_repository_3.9.3\io\netty\netty-codec-xml\4.1.92.Final\netty-codec-xml-4.1.92.Final.jar;D:\javadevelop\Maven_repository_3.9.3\io\netty\netty-common\4.1.92.Final\netty-common-4.1.92.Final.jar;D:\javadevelop\Maven_repository_3.9.3\io\netty\netty-handler\4.1.92.Final\netty-handler-4.1.92.Final.jar;D:\javadevelop\Maven_repository_3.9.3\io\netty\netty-transport-native-unix-common\4.1.92.Final\netty-transport-native-unix-common-4.1.92.Final.jar;D:\javadevelop\Maven_repository_3.9.3\io\netty\netty-handler-proxy\4.1.92.Final\netty-handler-proxy-4.1.92.Final.jar;D:\javadevelop\Maven_repository_3.9.3\io\netty\netty-handler-ssl-ocsp\4.1.92.Final\netty-handler-ssl-ocsp-4.1.92.Final.jar;D:\javadevelop\Maven_repository_3.9.3\io\netty\netty-resolver\4.1.92.Final\netty-resolver-4.1.92.Final.jar;D:\javadevelop\Maven_repository_3.9.3\io\netty\netty-resolver-dns\4.1.92.Final\netty-resolver-dns-4.1.92.Final.jar;D:\javadevelop\Maven_repository_3.9.3\io\netty\netty-transport\4.1.92.Final\netty-transport-4.1.92.Final.jar;D:\javadevelop\Maven_repository_3.9.3\io\netty\netty-transport-rxtx\4.1.92.Final\netty-transport-rxtx-4.1.92.Final.jar;D:\javadevelop\Maven_repository_3.9.3\io\netty\netty-transport-sctp\4.1.92.Final\netty-transport-sctp-4.1.92.Final.jar;D:\javadevelop\Maven_repository_3.9.3\io\netty\netty-transport-udt\4.1.92.Final\netty-transport-udt-4.1.92.Final.jar;D:\javadevelop\Maven_repository_3.9.3\io\netty\netty-transport-classes-epoll\4.1.92.Final\netty-transport-classes-epoll-4.1.92.Final.jar;D:\javadevelop\Maven_repository_3.9.3\io\netty\netty-transport-classes-kqueue\4.1.92.Final\netty-transport-classes-kqueue-4.1.92.Final.jar;D:\javadevelop\Maven_repository_3.9.3\io\netty\netty-resolver-dns-classes-macos\4.1.92.Final\netty-resolver-dns-classes-macos-4.1.92.Final.jar;D:\javadevelop\Maven_repository_3.9.3\io\netty\netty-transport-native-epoll\4.1.92.Final\netty-transport-native-epoll-4.1.92.Final-linux-x86_64.jar;D:\javadevelop\Maven_repository_3.9.3\io\netty\netty-transport-native-epoll\4.1.92.Final\netty-transport-native-epoll-4.1.92.Final-linux-aarch_64.jar;D:\javadevelop\Maven_repository_3.9.3\io\netty\netty-transport-native-kqueue\4.1.92.Final\netty-transport-native-kqueue-4.1.92.Final-osx-x86_64.jar;D:\javadevelop\Maven_repository_3.9.3\io\netty\netty-transport-native-kqueue\4.1.92.Final\netty-transport-native-kqueue-4.1.92.Final-osx-aarch_64.jar;D:\javadevelop\Maven_repository_3.9.3\io\netty\netty-resolver-dns-native-macos\4.1.92.Final\netty-resolver-dns-native-macos-4.1.92.Final-osx-x86_64.jar;D:\javadevelop\Maven_repository_3.9.3\io\netty\netty-resolver-dns-native-macos\4.1.92.Final\netty-resolver-dns-native-macos-4.1.92.Final-osx-aarch_64.jar;D:\javadevelop\Maven_repository_3.9.3\com\github\luben\zstd-jni\1.5.2-2\zstd-jni-1.5.2-2.jar;D:\javadevelop\Maven_repository_3.9.3\org\lz4\lz4-java\1.8.0\lz4-java-1.8.0.jar;D:\javadevelop\Maven_repository_3.9.3\io\opentelemetry\opentelemetry-exporter-otlp\1.19.0\opentelemetry-exporter-otlp-1.19.0.jar;D:\javadevelop\Maven_repository_3.9.3\io\opentelemetry\opentelemetry-sdk-trace\1.19.0\opentelemetry-sdk-trace-1.19.0.jar;D:\javadevelop\Maven_repository_3.9.3\io\opentelemetry\opentelemetry-semconv\1.19.0-alpha\opentelemetry-semconv-1.19.0-alpha.jar;D:\javadevelop\Maven_repository_3.9.3\io\opentelemetry\opentelemetry-sdk-metrics\1.19.0\opentelemetry-sdk-metrics-1.19.0.jar;D:\javadevelop\Maven_repository_3.9.3\io\opentelemetry\opentelemetry-exporter-otlp-common\1.19.0\opentelemetry-exporter-otlp-common-1.19.0.jar;D:\javadevelop\Maven_repository_3.9.3\io\opentelemetry\opentelemetry-exporter-common\1.19.0\opentelemetry-exporter-common-1.19.0.jar;D:\javadevelop\Maven_repository_3.9.3\com\squareup\okhttp3\okhttp\4.10.0\okhttp-4.10.0.jar;D:\javadevelop\Maven_repository_3.9.3\org\jetbrains\kotlin\kotlin-stdlib\1.7.22\kotlin-stdlib-1.7.22.jar;D:\javadevelop\Maven_repository_3.9.3\org\jetbrains\kotlin\kotlin-stdlib-common\1.7.22\kotlin-stdlib-common-1.7.22.jar;D:\javadevelop\Maven_repository_3.9.3\org\jetbrains\annotations\13.0\annotations-13.0.jar;D:\javadevelop\Maven_repository_3.9.3\io\opentelemetry\opentelemetry-exporter-prometheus\1.29.0-alpha\opentelemetry-exporter-prometheus-1.29.0-alpha.jar;D:\javadevelop\Maven_repository_3.9.3\io\opentelemetry\opentelemetry-sdk-extension-autoconfigure-spi\1.19.0\opentelemetry-sdk-extension-autoconfigure-spi-1.19.0.jar;D:\javadevelop\Maven_repository_3.9.3\io\opentelemetry\opentelemetry-exporter-logging\1.19.0\opentelemetry-exporter-logging-1.19.0.jar;D:\javadevelop\Maven_repository_3.9.3\io\opentelemetry\opentelemetry-sdk-logs\1.19.0-alpha\opentelemetry-sdk-logs-1.19.0-alpha.jar;D:\javadevelop\Maven_repository_3.9.3\io\opentelemetry\opentelemetry-api-logs\1.19.0-alpha\opentelemetry-api-logs-1.19.0-alpha.jar;D:\javadevelop\Maven_repository_3.9.3\io\opentelemetry\opentelemetry-sdk\1.19.0\opentelemetry-sdk-1.19.0.jar;D:\javadevelop\Maven_repository_3.9.3\io\opentelemetry\opentelemetry-api\1.19.0\opentelemetry-api-1.19.0.jar;D:\javadevelop\Maven_repository_3.9.3\io\opentelemetry\opentelemetry-context\1.19.0\opentelemetry-context-1.19.0.jar;D:\javadevelop\Maven_repository_3.9.3\io\opentelemetry\opentelemetry-sdk-common\1.19.0\opentelemetry-sdk-common-1.19.0.jar;D:\javadevelop\Maven_repository_3.9.3\io\opentelemetry\opentelemetry-exporter-logging-otlp\1.19.0\opentelemetry-exporter-logging-otlp-1.19.0.jar;D:\javadevelop\Maven_repository_3.9.3\io\grpc\grpc-stub\1.53.0\grpc-stub-1.53.0.jar;D:\javadevelop\Maven_repository_3.9.3\io\grpc\grpc-api\1.53.0\grpc-api-1.53.0.jar;D:\javadevelop\Maven_repository_3.9.3\io\grpc\grpc-context\1.53.0\grpc-context-1.53.0.jar;D:\javadevelop\Maven_repository_3.9.3\com\google\errorprone\error_prone_annotations\2.14.0\error_prone_annotations-2.14.0.jar;D:\javadevelop\Maven_repository_3.9.3\io\grpc\grpc-netty-shaded\1.53.0\grpc-netty-shaded-1.53.0.jar;D:\javadevelop\Maven_repository_3.9.3\io\perfmark\perfmark-api\0.25.0\perfmark-api-0.25.0.jar;D:\javadevelop\Maven_repository_3.9.3\io\grpc\grpc-core\1.53.0\grpc-core-1.53.0.jar;D:\javadevelop\Maven_repository_3.9.3\com\google\code\gson\gson\2.9.1\gson-2.9.1.jar;D:\javadevelop\Maven_repository_3.9.3\com\google\android\annotations\4.1.1.4\annotations-4.1.1.4.jar;D:\javadevelop\Maven_repository_3.9.3\org\codehaus\mojo\animal-sniffer-annotations\1.21\animal-sniffer-annotations-1.21.jar;D:\javadevelop\Maven_repository_3.9.3\com\squareup\okio\okio-jvm\3.4.0\okio-jvm-3.4.0.jar;D:\javadevelop\Maven_repository_3.9.3\org\apache\rocketmq\rocketmq-rocksdb\1.0.2\rocketmq-rocksdb-1.0.2.jar;D:\javadevelop\Maven_repository_3.9.3\org\apache\rocketmq\rocketmq-srvutil\5.2.0\rocketmq-srvutil-5.2.0.jar;D:\javadevelop\Maven_repository_3.9.3\commons-cli\commons-cli\1.5.0\commons-cli-1.5.0.jar;D:\javadevelop\Maven_repository_3.9.3\com\googlecode\concurrentlinkedhashmap\concurrentlinkedhashmap-lru\1.4.2\concurrentlinkedhashmap-lru-1.4.2.jar;D:\javadevelop\Maven_repository_3.9.3\commons-codec\commons-codec\1.15\commons-codec-1.15.jar;D:\javadevelop\Maven_repository_3.9.3\commons-validator\commons-validator\1.7\commons-validator-1.7.jar;D:\javadevelop\Maven_repository_3.9.3\commons-beanutils\commons-beanutils\1.9.4\commons-beanutils-1.9.4.jar;D:\javadevelop\Maven_repository_3.9.3\commons-digester\commons-digester\2.1\commons-digester-2.1.jar;D:\javadevelop\Maven_repository_3.9.3\commons-logging\commons-logging\1.2\commons-logging-1.2.jar;D:\javadevelop\Maven_repository_3.9.3\commons-collections\commons-collections\3.2.2\commons-collections-3.2.2.jar;D:\javadevelop\Maven_repository_3.9.3\com\google\protobuf\protobuf-java-util\3.20.1\protobuf-java-util-3.20.1.jar;D:\javadevelop\Maven_repository_3.9.3\com\google\protobuf\protobuf-java\3.20.1\protobuf-java-3.20.1.jar;D:\javadevelop\Maven_repository_3.9.3\org\springframework\spring-messaging\6.0.9\spring-messaging-6.0.9.jar;D:\javadevelop\Maven_repository_3.9.3\org\springframework\spring-aop\6.0.9\spring-aop-6.0.9.jar;D:\javadevelop\Maven_repository_3.9.3\com\fasterxml\jackson\core\jackson-databind\2.14.3\jackson-databind-2.14.3.jar;D:\javadevelop\Maven_repository_3.9.3\com\fasterxml\jackson\core\jackson-annotations\2.14.3\jackson-annotations-2.14.3.jar;D:\javadevelop\Maven_repository_3.9.3\com\fasterxml\jackson\core\jackson-core\2.14.3\jackson-core-2.14.3.jar;D:\javadevelop\Maven_repository_3.9.3\com\fasterxml\jackson\datatype\jackson-datatype-jsr310\2.14.3\jackson-datatype-jsr310-2.14.3.jar;D:\javadevelop\Maven_repository_3.9.3\org\springframework\boot\spring-boot-starter-validation\3.0.7\spring-boot-starter-validation-3.0.7.jar;D:\javadevelop\Maven_repository_3.9.3\org\apache\tomcat\embed\tomcat-embed-el\10.1.8\tomcat-embed-el-10.1.8.jar;D:\javadevelop\Maven_repository_3.9.3\org\hibernate\validator\hibernate-validator\8.0.0.Final\hibernate-validator-8.0.0.Final.jar;D:\javadevelop\Maven_repository_3.9.3\jakarta\validation\jakarta.validation-api\3.0.2\jakarta.validation-api-3.0.2.jar;D:\javadevelop\Maven_repository_3.9.3\org\jboss\logging\jboss-logging\3.5.0.Final\jboss-logging-3.5.0.Final.jar;D:\javadevelop\Maven_repository_3.9.3\com\fasterxml\classmate\1.5.1\classmate-1.5.1.jar;D:\javadevelop\Maven_repository_3.9.3\cn\hutool\hutool-all\5.8.27\hutool-all-5.8.27.jar;D:\javadevelop\Maven_repository_3.9.3\org\projectlombok\lombok\1.18.26\lombok-1.18.26.jar;"/>
    <property name="java.vm.vendor" value="Oracle Corporation"/>
    <property name="sun.arch.data.model" value="64"/>
    <property name="user.variant" value=""/>
    <property name="java.vendor.url" value="https://java.oracle.com/"/>
    <property name="user.timezone" value="Asia/Shanghai"/>
    <property name="os.name" value="Windows 10"/>
    <property name="java.vm.specification.version" value="17"/>
    <property name="sun.java.launcher" value="SUN_STANDARD"/>
    <property name="user.country" value="CN"/>
    <property name="sun.boot.library.path" value="D:\JavaJDKALL\JDK17\bin"/>
    <property name="sun.java.command" value="C:\Users\zrq\AppData\Local\Temp\surefire3964122328996637474\surefirebooter6332685749044453414.jar C:\Users\zrq\AppData\Local\Temp\surefire3964122328996637474 2025-09-03T10-30-50_766-jvmRun1 surefire18368330535723255901tmp surefire_09863925425004402140tmp"/>
    <property name="jdk.debug" value="release"/>
    <property name="surefire.test.class.path" value="D:\IdeaCode\zrqspc\rocketmqandkafka\target\test-classes;D:\IdeaCode\zrqspc\rocketmqandkafka\target\classes;D:\javadevelop\Maven_repository_3.9.3\org\springframework\boot\spring-boot-starter\3.0.7\spring-boot-starter-3.0.7.jar;D:\javadevelop\Maven_repository_3.9.3\org\springframework\boot\spring-boot\3.0.7\spring-boot-3.0.7.jar;D:\javadevelop\Maven_repository_3.9.3\org\springframework\spring-context\6.0.9\spring-context-6.0.9.jar;D:\javadevelop\Maven_repository_3.9.3\org\springframework\spring-beans\6.0.9\spring-beans-6.0.9.jar;D:\javadevelop\Maven_repository_3.9.3\org\springframework\spring-expression\6.0.9\spring-expression-6.0.9.jar;D:\javadevelop\Maven_repository_3.9.3\org\springframework\boot\spring-boot-autoconfigure\3.0.7\spring-boot-autoconfigure-3.0.7.jar;D:\javadevelop\Maven_repository_3.9.3\org\springframework\boot\spring-boot-starter-logging\3.0.7\spring-boot-starter-logging-3.0.7.jar;D:\javadevelop\Maven_repository_3.9.3\ch\qos\logback\logback-classic\1.4.7\logback-classic-1.4.7.jar;D:\javadevelop\Maven_repository_3.9.3\ch\qos\logback\logback-core\1.4.7\logback-core-1.4.7.jar;D:\javadevelop\Maven_repository_3.9.3\org\apache\logging\log4j\log4j-to-slf4j\2.19.0\log4j-to-slf4j-2.19.0.jar;D:\javadevelop\Maven_repository_3.9.3\org\apache\logging\log4j\log4j-api\2.19.0\log4j-api-2.19.0.jar;D:\javadevelop\Maven_repository_3.9.3\org\slf4j\jul-to-slf4j\2.0.7\jul-to-slf4j-2.0.7.jar;D:\javadevelop\Maven_repository_3.9.3\jakarta\annotation\jakarta.annotation-api\2.1.1\jakarta.annotation-api-2.1.1.jar;D:\javadevelop\Maven_repository_3.9.3\org\springframework\spring-core\6.0.9\spring-core-6.0.9.jar;D:\javadevelop\Maven_repository_3.9.3\org\springframework\spring-jcl\6.0.9\spring-jcl-6.0.9.jar;D:\javadevelop\Maven_repository_3.9.3\org\yaml\snakeyaml\1.33\snakeyaml-1.33.jar;D:\javadevelop\Maven_repository_3.9.3\org\springframework\boot\spring-boot-starter-test\3.0.7\spring-boot-starter-test-3.0.7.jar;D:\javadevelop\Maven_repository_3.9.3\org\springframework\boot\spring-boot-test\3.0.7\spring-boot-test-3.0.7.jar;D:\javadevelop\Maven_repository_3.9.3\org\springframework\boot\spring-boot-test-autoconfigure\3.0.7\spring-boot-test-autoconfigure-3.0.7.jar;D:\javadevelop\Maven_repository_3.9.3\com\jayway\jsonpath\json-path\2.7.0\json-path-2.7.0.jar;D:\javadevelop\Maven_repository_3.9.3\net\minidev\json-smart\2.4.11\json-smart-2.4.11.jar;D:\javadevelop\Maven_repository_3.9.3\net\minidev\accessors-smart\2.4.11\accessors-smart-2.4.11.jar;D:\javadevelop\Maven_repository_3.9.3\org\ow2\asm\asm\9.3\asm-9.3.jar;D:\javadevelop\Maven_repository_3.9.3\org\slf4j\slf4j-api\2.0.7\slf4j-api-2.0.7.jar;D:\javadevelop\Maven_repository_3.9.3\jakarta\xml\bind\jakarta.xml.bind-api\4.0.0\jakarta.xml.bind-api-4.0.0.jar;D:\javadevelop\Maven_repository_3.9.3\jakarta\activation\jakarta.activation-api\2.1.2\jakarta.activation-api-2.1.2.jar;D:\javadevelop\Maven_repository_3.9.3\org\assertj\assertj-core\3.23.1\assertj-core-3.23.1.jar;D:\javadevelop\Maven_repository_3.9.3\net\bytebuddy\byte-buddy\1.12.23\byte-buddy-1.12.23.jar;D:\javadevelop\Maven_repository_3.9.3\org\hamcrest\hamcrest\2.2\hamcrest-2.2.jar;D:\javadevelop\Maven_repository_3.9.3\org\junit\jupiter\junit-jupiter\5.9.3\junit-jupiter-5.9.3.jar;D:\javadevelop\Maven_repository_3.9.3\org\junit\jupiter\junit-jupiter-api\5.9.3\junit-jupiter-api-5.9.3.jar;D:\javadevelop\Maven_repository_3.9.3\org\opentest4j\opentest4j\1.2.0\opentest4j-1.2.0.jar;D:\javadevelop\Maven_repository_3.9.3\org\junit\platform\junit-platform-commons\1.9.3\junit-platform-commons-1.9.3.jar;D:\javadevelop\Maven_repository_3.9.3\org\apiguardian\apiguardian-api\1.1.2\apiguardian-api-1.1.2.jar;D:\javadevelop\Maven_repository_3.9.3\org\junit\jupiter\junit-jupiter-params\5.9.3\junit-jupiter-params-5.9.3.jar;D:\javadevelop\Maven_repository_3.9.3\org\junit\jupiter\junit-jupiter-engine\5.9.3\junit-jupiter-engine-5.9.3.jar;D:\javadevelop\Maven_repository_3.9.3\org\junit\platform\junit-platform-engine\1.9.3\junit-platform-engine-1.9.3.jar;D:\javadevelop\Maven_repository_3.9.3\org\mockito\mockito-core\4.8.1\mockito-core-4.8.1.jar;D:\javadevelop\Maven_repository_3.9.3\net\bytebuddy\byte-buddy-agent\1.12.23\byte-buddy-agent-1.12.23.jar;D:\javadevelop\Maven_repository_3.9.3\org\objenesis\objenesis\3.2\objenesis-3.2.jar;D:\javadevelop\Maven_repository_3.9.3\org\mockito\mockito-junit-jupiter\4.8.1\mockito-junit-jupiter-4.8.1.jar;D:\javadevelop\Maven_repository_3.9.3\org\skyscreamer\jsonassert\1.5.1\jsonassert-1.5.1.jar;D:\javadevelop\Maven_repository_3.9.3\com\vaadin\external\google\android-json\0.0.20131108.vaadin1\android-json-0.0.20131108.vaadin1.jar;D:\javadevelop\Maven_repository_3.9.3\org\springframework\spring-test\6.0.9\spring-test-6.0.9.jar;D:\javadevelop\Maven_repository_3.9.3\org\xmlunit\xmlunit-core\2.9.1\xmlunit-core-2.9.1.jar;D:\javadevelop\Maven_repository_3.9.3\org\apache\rocketmq\rocketmq-spring-boot-starter\2.3.0\rocketmq-spring-boot-starter-2.3.0.jar;D:\javadevelop\Maven_repository_3.9.3\org\apache\rocketmq\rocketmq-spring-boot\2.3.0\rocketmq-spring-boot-2.3.0.jar;D:\javadevelop\Maven_repository_3.9.3\org\apache\rocketmq\rocketmq-client\5.2.0\rocketmq-client-5.2.0.jar;D:\javadevelop\Maven_repository_3.9.3\org\apache\rocketmq\rocketmq-remoting\5.2.0\rocketmq-remoting-5.2.0.jar;D:\javadevelop\Maven_repository_3.9.3\org\apache\commons\commons-lang3\3.12.0\commons-lang3-3.12.0.jar;D:\javadevelop\Maven_repository_3.9.3\com\google\guava\guava\32.0.1-jre\guava-32.0.1-jre.jar;D:\javadevelop\Maven_repository_3.9.3\com\google\guava\failureaccess\1.0.1\failureaccess-1.0.1.jar;D:\javadevelop\Maven_repository_3.9.3\com\google\guava\listenablefuture\9999.0-empty-to-avoid-conflict-with-guava\listenablefuture-9999.0-empty-to-avoid-conflict-with-guava.jar;D:\javadevelop\Maven_repository_3.9.3\com\google\code\findbugs\jsr305\3.0.2\jsr305-3.0.2.jar;D:\javadevelop\Maven_repository_3.9.3\org\checkerframework\checker-qual\3.33.0\checker-qual-3.33.0.jar;D:\javadevelop\Maven_repository_3.9.3\com\google\j2objc\j2objc-annotations\2.8\j2objc-annotations-2.8.jar;D:\javadevelop\Maven_repository_3.9.3\io\github\aliyunmq\rocketmq-slf4j-api\1.0.1\rocketmq-slf4j-api-1.0.1.jar;D:\javadevelop\Maven_repository_3.9.3\io\github\aliyunmq\rocketmq-logback-classic\1.0.1\rocketmq-logback-classic-1.0.1.jar;D:\javadevelop\Maven_repository_3.9.3\org\awaitility\awaitility\4.2.0\awaitility-4.2.0.jar;D:\javadevelop\Maven_repository_3.9.3\org\apache\rocketmq\rocketmq-acl\5.2.0\rocketmq-acl-5.2.0.jar;D:\javadevelop\Maven_repository_3.9.3\org\apache\rocketmq\rocketmq-proto\2.0.3\rocketmq-proto-2.0.3.jar;D:\javadevelop\Maven_repository_3.9.3\org\apache\rocketmq\rocketmq-common\5.2.0\rocketmq-common-5.2.0.jar;D:\javadevelop\Maven_repository_3.9.3\com\alibaba\fastjson\1.2.83\fastjson-1.2.83.jar;D:\javadevelop\Maven_repository_3.9.3\io\netty\netty-all\4.1.92.Final\netty-all-4.1.92.Final.jar;D:\javadevelop\Maven_repository_3.9.3\io\netty\netty-buffer\4.1.92.Final\netty-buffer-4.1.92.Final.jar;D:\javadevelop\Maven_repository_3.9.3\io\netty\netty-codec\4.1.92.Final\netty-codec-4.1.92.Final.jar;D:\javadevelop\Maven_repository_3.9.3\io\netty\netty-codec-dns\4.1.92.Final\netty-codec-dns-4.1.92.Final.jar;D:\javadevelop\Maven_repository_3.9.3\io\netty\netty-codec-haproxy\4.1.92.Final\netty-codec-haproxy-4.1.92.Final.jar;D:\javadevelop\Maven_repository_3.9.3\io\netty\netty-codec-http\4.1.92.Final\netty-codec-http-4.1.92.Final.jar;D:\javadevelop\Maven_repository_3.9.3\io\netty\netty-codec-http2\4.1.92.Final\netty-codec-http2-4.1.92.Final.jar;D:\javadevelop\Maven_repository_3.9.3\io\netty\netty-codec-memcache\4.1.92.Final\netty-codec-memcache-4.1.92.Final.jar;D:\javadevelop\Maven_repository_3.9.3\io\netty\netty-codec-mqtt\4.1.92.Final\netty-codec-mqtt-4.1.92.Final.jar;D:\javadevelop\Maven_repository_3.9.3\io\netty\netty-codec-redis\4.1.92.Final\netty-codec-redis-4.1.92.Final.jar;D:\javadevelop\Maven_repository_3.9.3\io\netty\netty-codec-smtp\4.1.92.Final\netty-codec-smtp-4.1.92.Final.jar;D:\javadevelop\Maven_repository_3.9.3\io\netty\netty-codec-socks\4.1.92.Final\netty-codec-socks-4.1.92.Final.jar;D:\javadevelop\Maven_repository_3.9.3\io\netty\netty-codec-stomp\4.1.92.Final\netty-codec-stomp-4.1.92.Final.jar;D:\javadevelop\Maven_repository_3.9.3\io\netty\netty-codec-xml\4.1.92.Final\netty-codec-xml-4.1.92.Final.jar;D:\javadevelop\Maven_repository_3.9.3\io\netty\netty-common\4.1.92.Final\netty-common-4.1.92.Final.jar;D:\javadevelop\Maven_repository_3.9.3\io\netty\netty-handler\4.1.92.Final\netty-handler-4.1.92.Final.jar;D:\javadevelop\Maven_repository_3.9.3\io\netty\netty-transport-native-unix-common\4.1.92.Final\netty-transport-native-unix-common-4.1.92.Final.jar;D:\javadevelop\Maven_repository_3.9.3\io\netty\netty-handler-proxy\4.1.92.Final\netty-handler-proxy-4.1.92.Final.jar;D:\javadevelop\Maven_repository_3.9.3\io\netty\netty-handler-ssl-ocsp\4.1.92.Final\netty-handler-ssl-ocsp-4.1.92.Final.jar;D:\javadevelop\Maven_repository_3.9.3\io\netty\netty-resolver\4.1.92.Final\netty-resolver-4.1.92.Final.jar;D:\javadevelop\Maven_repository_3.9.3\io\netty\netty-resolver-dns\4.1.92.Final\netty-resolver-dns-4.1.92.Final.jar;D:\javadevelop\Maven_repository_3.9.3\io\netty\netty-transport\4.1.92.Final\netty-transport-4.1.92.Final.jar;D:\javadevelop\Maven_repository_3.9.3\io\netty\netty-transport-rxtx\4.1.92.Final\netty-transport-rxtx-4.1.92.Final.jar;D:\javadevelop\Maven_repository_3.9.3\io\netty\netty-transport-sctp\4.1.92.Final\netty-transport-sctp-4.1.92.Final.jar;D:\javadevelop\Maven_repository_3.9.3\io\netty\netty-transport-udt\4.1.92.Final\netty-transport-udt-4.1.92.Final.jar;D:\javadevelop\Maven_repository_3.9.3\io\netty\netty-transport-classes-epoll\4.1.92.Final\netty-transport-classes-epoll-4.1.92.Final.jar;D:\javadevelop\Maven_repository_3.9.3\io\netty\netty-transport-classes-kqueue\4.1.92.Final\netty-transport-classes-kqueue-4.1.92.Final.jar;D:\javadevelop\Maven_repository_3.9.3\io\netty\netty-resolver-dns-classes-macos\4.1.92.Final\netty-resolver-dns-classes-macos-4.1.92.Final.jar;D:\javadevelop\Maven_repository_3.9.3\io\netty\netty-transport-native-epoll\4.1.92.Final\netty-transport-native-epoll-4.1.92.Final-linux-x86_64.jar;D:\javadevelop\Maven_repository_3.9.3\io\netty\netty-transport-native-epoll\4.1.92.Final\netty-transport-native-epoll-4.1.92.Final-linux-aarch_64.jar;D:\javadevelop\Maven_repository_3.9.3\io\netty\netty-transport-native-kqueue\4.1.92.Final\netty-transport-native-kqueue-4.1.92.Final-osx-x86_64.jar;D:\javadevelop\Maven_repository_3.9.3\io\netty\netty-transport-native-kqueue\4.1.92.Final\netty-transport-native-kqueue-4.1.92.Final-osx-aarch_64.jar;D:\javadevelop\Maven_repository_3.9.3\io\netty\netty-resolver-dns-native-macos\4.1.92.Final\netty-resolver-dns-native-macos-4.1.92.Final-osx-x86_64.jar;D:\javadevelop\Maven_repository_3.9.3\io\netty\netty-resolver-dns-native-macos\4.1.92.Final\netty-resolver-dns-native-macos-4.1.92.Final-osx-aarch_64.jar;D:\javadevelop\Maven_repository_3.9.3\com\github\luben\zstd-jni\1.5.2-2\zstd-jni-1.5.2-2.jar;D:\javadevelop\Maven_repository_3.9.3\org\lz4\lz4-java\1.8.0\lz4-java-1.8.0.jar;D:\javadevelop\Maven_repository_3.9.3\io\opentelemetry\opentelemetry-exporter-otlp\1.19.0\opentelemetry-exporter-otlp-1.19.0.jar;D:\javadevelop\Maven_repository_3.9.3\io\opentelemetry\opentelemetry-sdk-trace\1.19.0\opentelemetry-sdk-trace-1.19.0.jar;D:\javadevelop\Maven_repository_3.9.3\io\opentelemetry\opentelemetry-semconv\1.19.0-alpha\opentelemetry-semconv-1.19.0-alpha.jar;D:\javadevelop\Maven_repository_3.9.3\io\opentelemetry\opentelemetry-sdk-metrics\1.19.0\opentelemetry-sdk-metrics-1.19.0.jar;D:\javadevelop\Maven_repository_3.9.3\io\opentelemetry\opentelemetry-exporter-otlp-common\1.19.0\opentelemetry-exporter-otlp-common-1.19.0.jar;D:\javadevelop\Maven_repository_3.9.3\io\opentelemetry\opentelemetry-exporter-common\1.19.0\opentelemetry-exporter-common-1.19.0.jar;D:\javadevelop\Maven_repository_3.9.3\com\squareup\okhttp3\okhttp\4.10.0\okhttp-4.10.0.jar;D:\javadevelop\Maven_repository_3.9.3\org\jetbrains\kotlin\kotlin-stdlib\1.7.22\kotlin-stdlib-1.7.22.jar;D:\javadevelop\Maven_repository_3.9.3\org\jetbrains\kotlin\kotlin-stdlib-common\1.7.22\kotlin-stdlib-common-1.7.22.jar;D:\javadevelop\Maven_repository_3.9.3\org\jetbrains\annotations\13.0\annotations-13.0.jar;D:\javadevelop\Maven_repository_3.9.3\io\opentelemetry\opentelemetry-exporter-prometheus\1.29.0-alpha\opentelemetry-exporter-prometheus-1.29.0-alpha.jar;D:\javadevelop\Maven_repository_3.9.3\io\opentelemetry\opentelemetry-sdk-extension-autoconfigure-spi\1.19.0\opentelemetry-sdk-extension-autoconfigure-spi-1.19.0.jar;D:\javadevelop\Maven_repository_3.9.3\io\opentelemetry\opentelemetry-exporter-logging\1.19.0\opentelemetry-exporter-logging-1.19.0.jar;D:\javadevelop\Maven_repository_3.9.3\io\opentelemetry\opentelemetry-sdk-logs\1.19.0-alpha\opentelemetry-sdk-logs-1.19.0-alpha.jar;D:\javadevelop\Maven_repository_3.9.3\io\opentelemetry\opentelemetry-api-logs\1.19.0-alpha\opentelemetry-api-logs-1.19.0-alpha.jar;D:\javadevelop\Maven_repository_3.9.3\io\opentelemetry\opentelemetry-sdk\1.19.0\opentelemetry-sdk-1.19.0.jar;D:\javadevelop\Maven_repository_3.9.3\io\opentelemetry\opentelemetry-api\1.19.0\opentelemetry-api-1.19.0.jar;D:\javadevelop\Maven_repository_3.9.3\io\opentelemetry\opentelemetry-context\1.19.0\opentelemetry-context-1.19.0.jar;D:\javadevelop\Maven_repository_3.9.3\io\opentelemetry\opentelemetry-sdk-common\1.19.0\opentelemetry-sdk-common-1.19.0.jar;D:\javadevelop\Maven_repository_3.9.3\io\opentelemetry\opentelemetry-exporter-logging-otlp\1.19.0\opentelemetry-exporter-logging-otlp-1.19.0.jar;D:\javadevelop\Maven_repository_3.9.3\io\grpc\grpc-stub\1.53.0\grpc-stub-1.53.0.jar;D:\javadevelop\Maven_repository_3.9.3\io\grpc\grpc-api\1.53.0\grpc-api-1.53.0.jar;D:\javadevelop\Maven_repository_3.9.3\io\grpc\grpc-context\1.53.0\grpc-context-1.53.0.jar;D:\javadevelop\Maven_repository_3.9.3\com\google\errorprone\error_prone_annotations\2.14.0\error_prone_annotations-2.14.0.jar;D:\javadevelop\Maven_repository_3.9.3\io\grpc\grpc-netty-shaded\1.53.0\grpc-netty-shaded-1.53.0.jar;D:\javadevelop\Maven_repository_3.9.3\io\perfmark\perfmark-api\0.25.0\perfmark-api-0.25.0.jar;D:\javadevelop\Maven_repository_3.9.3\io\grpc\grpc-core\1.53.0\grpc-core-1.53.0.jar;D:\javadevelop\Maven_repository_3.9.3\com\google\code\gson\gson\2.9.1\gson-2.9.1.jar;D:\javadevelop\Maven_repository_3.9.3\com\google\android\annotations\4.1.1.4\annotations-4.1.1.4.jar;D:\javadevelop\Maven_repository_3.9.3\org\codehaus\mojo\animal-sniffer-annotations\1.21\animal-sniffer-annotations-1.21.jar;D:\javadevelop\Maven_repository_3.9.3\com\squareup\okio\okio-jvm\3.4.0\okio-jvm-3.4.0.jar;D:\javadevelop\Maven_repository_3.9.3\org\apache\rocketmq\rocketmq-rocksdb\1.0.2\rocketmq-rocksdb-1.0.2.jar;D:\javadevelop\Maven_repository_3.9.3\org\apache\rocketmq\rocketmq-srvutil\5.2.0\rocketmq-srvutil-5.2.0.jar;D:\javadevelop\Maven_repository_3.9.3\commons-cli\commons-cli\1.5.0\commons-cli-1.5.0.jar;D:\javadevelop\Maven_repository_3.9.3\com\googlecode\concurrentlinkedhashmap\concurrentlinkedhashmap-lru\1.4.2\concurrentlinkedhashmap-lru-1.4.2.jar;D:\javadevelop\Maven_repository_3.9.3\commons-codec\commons-codec\1.15\commons-codec-1.15.jar;D:\javadevelop\Maven_repository_3.9.3\commons-validator\commons-validator\1.7\commons-validator-1.7.jar;D:\javadevelop\Maven_repository_3.9.3\commons-beanutils\commons-beanutils\1.9.4\commons-beanutils-1.9.4.jar;D:\javadevelop\Maven_repository_3.9.3\commons-digester\commons-digester\2.1\commons-digester-2.1.jar;D:\javadevelop\Maven_repository_3.9.3\commons-logging\commons-logging\1.2\commons-logging-1.2.jar;D:\javadevelop\Maven_repository_3.9.3\commons-collections\commons-collections\3.2.2\commons-collections-3.2.2.jar;D:\javadevelop\Maven_repository_3.9.3\com\google\protobuf\protobuf-java-util\3.20.1\protobuf-java-util-3.20.1.jar;D:\javadevelop\Maven_repository_3.9.3\com\google\protobuf\protobuf-java\3.20.1\protobuf-java-3.20.1.jar;D:\javadevelop\Maven_repository_3.9.3\org\springframework\spring-messaging\6.0.9\spring-messaging-6.0.9.jar;D:\javadevelop\Maven_repository_3.9.3\org\springframework\spring-aop\6.0.9\spring-aop-6.0.9.jar;D:\javadevelop\Maven_repository_3.9.3\com\fasterxml\jackson\core\jackson-databind\2.14.3\jackson-databind-2.14.3.jar;D:\javadevelop\Maven_repository_3.9.3\com\fasterxml\jackson\core\jackson-annotations\2.14.3\jackson-annotations-2.14.3.jar;D:\javadevelop\Maven_repository_3.9.3\com\fasterxml\jackson\core\jackson-core\2.14.3\jackson-core-2.14.3.jar;D:\javadevelop\Maven_repository_3.9.3\com\fasterxml\jackson\datatype\jackson-datatype-jsr310\2.14.3\jackson-datatype-jsr310-2.14.3.jar;D:\javadevelop\Maven_repository_3.9.3\org\springframework\boot\spring-boot-starter-validation\3.0.7\spring-boot-starter-validation-3.0.7.jar;D:\javadevelop\Maven_repository_3.9.3\org\apache\tomcat\embed\tomcat-embed-el\10.1.8\tomcat-embed-el-10.1.8.jar;D:\javadevelop\Maven_repository_3.9.3\org\hibernate\validator\hibernate-validator\8.0.0.Final\hibernate-validator-8.0.0.Final.jar;D:\javadevelop\Maven_repository_3.9.3\jakarta\validation\jakarta.validation-api\3.0.2\jakarta.validation-api-3.0.2.jar;D:\javadevelop\Maven_repository_3.9.3\org\jboss\logging\jboss-logging\3.5.0.Final\jboss-logging-3.5.0.Final.jar;D:\javadevelop\Maven_repository_3.9.3\com\fasterxml\classmate\1.5.1\classmate-1.5.1.jar;D:\javadevelop\Maven_repository_3.9.3\cn\hutool\hutool-all\5.8.27\hutool-all-5.8.27.jar;D:\javadevelop\Maven_repository_3.9.3\org\projectlombok\lombok\1.18.26\lombok-1.18.26.jar;"/>
    <property name="sun.cpu.endian" value="little"/>
    <property name="user.home" value="C:\Users\zrq"/>
    <property name="user.language" value="zh"/>
    <property name="java.specification.vendor" value="Oracle Corporation"/>
    <property name="java.version.date" value="2024-07-16"/>
    <property name="java.home" value="D:\JavaJDKALL\JDK17"/>
    <property name="file.separator" value="\"/>
    <property name="basedir" value="D:\IdeaCode\zrqspc\rocketmqandkafka"/>
    <property name="java.vm.compressedOopsMode" value="Zero based"/>
    <property name="line.separator" value="&#10;"/>
    <property name="java.vm.specification.vendor" value="Oracle Corporation"/>
    <property name="java.specification.name" value="Java Platform API Specification"/>
    <property name="surefire.real.class.path" value="C:\Users\zrq\AppData\Local\Temp\surefire3964122328996637474\surefirebooter6332685749044453414.jar"/>
    <property name="user.script" value=""/>
    <property name="sun.management.compiler" value="HotSpot 64-Bit Tiered Compilers"/>
    <property name="java.runtime.version" value="17.0.12+8-LTS-286"/>
    <property name="user.name" value="zrq"/>
    <property name="path.separator" value=";"/>
    <property name="os.version" value="10.0"/>
    <property name="java.runtime.name" value="Java(TM) SE Runtime Environment"/>
    <property name="file.encoding" value="GBK"/>
    <property name="java.vm.name" value="Java HotSpot(TM) 64-Bit Server VM"/>
    <property name="localRepository" value="D:\javadevelop\Maven_repository_3.9.3"/>
    <property name="java.vendor.url.bug" value="https://bugreport.java.com/bugreport/"/>
    <property name="java.io.tmpdir" value="C:\Users\zrq\AppData\Local\Temp\"/>
    <property name="idea.version" value="2024.2.3"/>
    <property name="java.version" value="17.0.12"/>
    <property name="user.dir" value="D:\IdeaCode\zrqspc\rocketmqandkafka"/>
    <property name="os.arch" value="amd64"/>
    <property name="java.vm.specification.name" value="Java Virtual Machine Specification"/>
    <property name="sun.os.patch.level" value=""/>
    <property name="native.encoding" value="GBK"/>
    <property name="java.library.path" value="D:\JavaJDKALL\JDK17\bin;C:\WINDOWS\Sun\Java\bin;C:\WINDOWS\system32;C:\WINDOWS;D:\myanaconda3\condabin;D:\JavaJDKALL\JDK8\jdk1.8.0_201\bin;D:\javadevelop\VMware\bin\;D:\golangsdk\go1.24.1.windows-amd64\go\bin;C:\Program Files (x86)\Common Files\Oracle\Java\javapath;D:\javadevelop\Mysql\Mysql8.0\bin;C:\Program Files\Common Files\Oracle\Java\javapath;C:\Program Files (x86)\Razer Chroma SDK\bin;C:\Program Files\Razer Chroma SDK\bin;C:\Program Files (x86)\Razer\ChromaBroadcast\bin;C:\Program Files\Razer\ChromaBroadcast\bin;C:\Windows\system32;C:\Windows;C:\Windows\System32\Wbem;C:\Windows\System32\WindowsPowerShell\v1.0\;C:\Windows\System32\OpenSSH\;C:\Program Files (x86)\Microsoft SQL Server\100\Tools\Binn\;C:\Program Files\Microsoft SQL Server\100\Tools\Binn\;C:\Program Files\Microsoft SQL Server\100\DTS\Binn\;C:\Windows\system32\config\systemprofile\AppData\Local\Microsoft\WindowsApps;C:\WINDOWS\system32;C:\WINDOWS;C:\WINDOWS\System32\Wbem;C:\WINDOWS\System32\WindowsPowerShell\v1.0\;C:\WINDOWS\System32\OpenSSH\;C:\Program Files\Microsoft SQL Server\130\Tools\Binn\;C:\Program Files (x86)\NVIDIA Corporation\PhysX\Common;D:\javadevelop\TomCat\apache-tomcat-10.1.31-windows-x64\apache-tomcat-10.1.31\bin;D:\javadevelop\Maven\apache-maven-3.9.3\bin;D:\javadevelop\GlobalNodeModule;D:\javadevelop\NVM\nvm;D:\javadevelop\NVM\nodejs;D:\javadevelop\NVM\nodejs\node_global;D:\javadevelop\NVM\nvm\v14.21.3\;C:\WINDOWS\system32;C:\WINDOWS;C:\WINDOWS\System32\Wbem;C:\WINDOWS\System32\WindowsPowerShell\v1.0\;C:\WINDOWS\System32\OpenSSH\;D:\javadevelop\Git\cmd;D:\javadevelop\XShell\;D:\javadevelop\XFTP\;D:\javadevelop\Jmeter\apache-jmeter-5.6.3\apache-jmeter-5.6.3\bin;D:\myanaconda3;D:\myanaconda3\Scripts;D:\myanaconda3\Library\bin;D:\pythondevelop\python3.13\Scripts\;D:\pythondevelop\python3.13\;&quot;C:\Users\zrq\AppData\Local\Microsoft\WindowsApps;C:\JAVA\bin&quot;;C:\Program Files\Bandizip\;%PyCharm Community Edition%;D:\pythondevelop\PyCharm 2024.3.4\bin;;D:\javadevelop\IDEA2024\IntelliJ IDEA 2024.2.3\bin;;D:\JavaJDKALL\JDK8\jdk1.8.0_201\bin;D:\javadevelop\NVM\nvm\node_global;D:\javadevelop\VSCode\Microsoft VS Code\bin;D:\javadevelop\NVM\nvm;D:\javadevelop\NVM\nodejs;C:\Users\zrq\AppData\Roaming\npm;D:\javadevelop\WebStorm\WebStorm 2024.3.2.1\bin;;C:\Users\zrq\AppData\Local\Microsoft\WindowsApps;C:\Users\zrq\AppData\Local\GitHubDesktop\bin;D:\golangdevelop\GoLand 2024.3.4\bin;;D:\myvscode\Microsoft VS Code\bin;D:\mycursor\cursor\resources\app\bin;."/>
    <property name="java.vm.info" value="mixed mode, sharing"/>
    <property name="java.vendor" value="Oracle Corporation"/>
    <property name="java.vm.version" value="17.0.12+8-LTS-286"/>
    <property name="sun.io.unicode.encoding" value="UnicodeLittle"/>
    <property name="java.class.version" value="61.0"/>
  </properties>
  <testcase name="contextLoads" classname="com.example.RocketMQTest" time="0.009">
    <error message="Failed to load ApplicationContext for [MergedContextConfiguration@1a22e0ef testClass = com.example.RocketMQTest, locations = [], classes = [com.example.RocketmqAndKafkaApplication], contextInitializerClasses = [], activeProfiles = [], propertySourceLocations = [], propertySourceProperties = [&quot;org.springframework.boot.test.context.SpringBootTestContextBootstrapper=true&quot;], contextCustomizers = [org.springframework.boot.test.context.filter.ExcludeFilterContextCustomizer@413d1baf, org.springframework.boot.test.json.DuplicateJsonObjectContextCustomizerFactory$DuplicateJsonObjectContextCustomizer@5524cca1, org.springframework.boot.test.mock.mockito.MockitoContextCustomizer@0, org.springframework.boot.test.web.client.TestRestTemplateContextCustomizer@221a3fa4, org.springframework.boot.test.autoconfigure.actuate.observability.ObservabilityContextCustomizerFactory$DisableObservabilityContextCustomizer@1f, org.springframework.boot.test.autoconfigure.properties.PropertyMappingContextCustomizer@0, org.springframework.boot.test.autoconfigure.web.servlet.WebDriverContextCustomizerFactory$Customizer@4a8355dd, org.springframework.boot.test.context.SpringBootTestAnnotation@a6d6b158], contextLoader = org.springframework.boot.test.context.SpringBootContextLoader, parent = null]" type="java.lang.IllegalStateException">java.lang.IllegalStateException: Failed to load ApplicationContext for [MergedContextConfiguration@1a22e0ef testClass = com.example.RocketMQTest, locations = [], classes = [com.example.RocketmqAndKafkaApplication], contextInitializerClasses = [], activeProfiles = [], propertySourceLocations = [], propertySourceProperties = ["org.springframework.boot.test.context.SpringBootTestContextBootstrapper=true"], contextCustomizers = [org.springframework.boot.test.context.filter.ExcludeFilterContextCustomizer@413d1baf, org.springframework.boot.test.json.DuplicateJsonObjectContextCustomizerFactory$DuplicateJsonObjectContextCustomizer@5524cca1, org.springframework.boot.test.mock.mockito.MockitoContextCustomizer@0, org.springframework.boot.test.web.client.TestRestTemplateContextCustomizer@221a3fa4, org.springframework.boot.test.autoconfigure.actuate.observability.ObservabilityContextCustomizerFactory$DisableObservabilityContextCustomizer@1f, org.springframework.boot.test.autoconfigure.properties.PropertyMappingContextCustomizer@0, org.springframework.boot.test.autoconfigure.web.servlet.WebDriverContextCustomizerFactory$Customizer@4a8355dd, org.springframework.boot.test.context.SpringBootTestAnnotation@a6d6b158], contextLoader = org.springframework.boot.test.context.SpringBootContextLoader, parent = null]
Caused by: org.springframework.beans.factory.UnsatisfiedDependencyException: Error creating bean with name 'rocketmqAndKafkaApplication': Unsatisfied dependency expressed through constructor parameter 0: No qualifying bean of type 'org.apache.rocketmq.spring.core.RocketMQTemplate' available: expected at least 1 bean which qualifies as autowire candidate. Dependency annotations: {}
Caused by: org.springframework.beans.factory.NoSuchBeanDefinitionException: No qualifying bean of type 'org.apache.rocketmq.spring.core.RocketMQTemplate' available: expected at least 1 bean which qualifies as autowire candidate. Dependency annotations: {}
</error>
    <system-out><![CDATA[10:30:52.280 [main] DEBUG org.springframework.boot.test.context.SpringBootTestContextBootstrapper -- Neither @ContextConfiguration nor @ContextHierarchy found for test class [RocketMQTest]: using SpringBootContextLoader
10:30:52.285 [main] DEBUG org.springframework.test.context.support.AbstractContextLoader -- Could not detect default resource locations for test class [com.example.RocketMQTest]: no resource found for suffixes {-context.xml, Context.groovy}.
10:30:52.286 [main] INFO org.springframework.test.context.support.AnnotationConfigContextLoaderUtils -- Could not detect default configuration classes for test class [com.example.RocketMQTest]: RocketMQTest does not declare any static, non-private, non-final, nested classes annotated with @Configuration.
10:30:52.323 [main] DEBUG org.springframework.boot.test.context.SpringBootTestContextBootstrapper -- Using ContextCustomizers for test class [RocketMQTest]: [ExcludeFilterContextCustomizer, DuplicateJsonObjectContextCustomizer, MockitoContextCustomizer, TestRestTemplateContextCustomizer, DisableObservabilityContextCustomizer, PropertyMappingContextCustomizer, Customizer]
10:30:52.412 [main] DEBUG org.springframework.context.annotation.ClassPathScanningCandidateComponentProvider -- Identified candidate component class: file [D:\IdeaCode\zrqspc\rocketmqandkafka\target\classes\com\example\RocketmqAndKafkaApplication.class]
10:30:52.414 [main] INFO org.springframework.boot.test.context.SpringBootTestContextBootstrapper -- Found @SpringBootConfiguration com.example.RocketmqAndKafkaApplication for test class com.example.RocketMQTest
10:30:52.577 [main] DEBUG org.springframework.test.context.util.TestContextSpringFactoriesUtils -- Skipping candidate TestExecutionListener [org.springframework.test.context.web.ServletTestExecutionListener] due to a missing dependency. Specify custom TestExecutionListener classes or make the default TestExecutionListener classes and their required dependencies available. Offending class: [jakarta/servlet/ServletContext]
10:30:52.585 [main] DEBUG org.springframework.test.context.util.TestContextSpringFactoriesUtils -- Skipping candidate TestExecutionListener [org.springframework.test.context.transaction.TransactionalTestExecutionListener] due to a missing dependency. Specify custom TestExecutionListener classes or make the default TestExecutionListener classes and their required dependencies available. Offending class: [org/springframework/transaction/TransactionDefinition]
10:30:52.588 [main] DEBUG org.springframework.test.context.util.TestContextSpringFactoriesUtils -- Skipping candidate TestExecutionListener [org.springframework.test.context.jdbc.SqlScriptsTestExecutionListener] due to a missing dependency. Specify custom TestExecutionListener classes or make the default TestExecutionListener classes and their required dependencies available. Offending class: [org/springframework/transaction/interceptor/TransactionAttribute]
10:30:52.591 [main] DEBUG org.springframework.boot.test.context.SpringBootTestContextBootstrapper -- Using TestExecutionListeners for test class [RocketMQTest]: [DirtiesContextBeforeModesTestExecutionListener, ApplicationEventsTestExecutionListener, MockitoTestExecutionListener, DependencyInjectionTestExecutionListener, DirtiesContextTestExecutionListener, EventPublishingTestExecutionListener, ResetMocksTestExecutionListener, RestDocsTestExecutionListener, MockRestServiceServerResetTestExecutionListener, MockMvcPrintOnlyOnFailureTestExecutionListener, WebDriverTestExecutionListener, MockWebServiceServerTestExecutionListener]
10:30:52.594 [main] DEBUG org.springframework.test.context.support.AbstractDirtiesContextTestExecutionListener -- Before test class: class [RocketMQTest], class annotated with @DirtiesContext [false] with mode [null]
10:30:52.614 [main] DEBUG org.springframework.test.context.support.DependencyInjectionTestExecutionListener -- Performing dependency injection for test class com.example.RocketMQTest

  .   ____          _            __ _ _
 /\\ / ___'_ __ _ _(_)_ __  __ _ \ \ \ \
( ( )\___ | '_ | '_| | '_ \/ _` | \ \ \ \
 \\/  ___)| |_)| | | | | || (_| |  ) ) ) )
  '  |____| .__|_| |_|_| |_\__, | / / / /
 =========|_|==============|___/=/_/_/_/
 :: Spring Boot ::                (v3.0.7)

2025-09-03T10:30:53.085+08:00  INFO 6632 --- [           main] com.example.RocketMQTest                 : Starting RocketMQTest using Java 17.0.12 with PID 6632 (started by zrq in D:\IdeaCode\zrqspc\rocketmqandkafka)
2025-09-03T10:30:53.087+08:00  INFO 6632 --- [           main] com.example.RocketMQTest                 : No active profile set, falling back to 1 default profile: "default"
2025-09-03T10:30:53.756+08:00  INFO 6632 --- [           main] trationDelegate$BeanPostProcessorChecker : Bean 'org.apache.rocketmq.spring.autoconfigure.ListenerContainerConfiguration' of type [org.apache.rocketmq.spring.autoconfigure.ListenerContainerConfiguration$$SpringCGLIB$$0] is not eligible for getting processed by all BeanPostProcessors (for example: not eligible for auto-proxying)
2025-09-03T10:30:53.759+08:00  INFO 6632 --- [           main] trationDelegate$BeanPostProcessorChecker : Bean 'org.apache.rocketmq.spring.autoconfigure.MessageConverterConfiguration' of type [org.apache.rocketmq.spring.autoconfigure.MessageConverterConfiguration$$SpringCGLIB$$0] is not eligible for getting processed by all BeanPostProcessors (for example: not eligible for auto-proxying)
2025-09-03T10:30:54.092+08:00  INFO 6632 --- [           main] trationDelegate$BeanPostProcessorChecker : Bean 'createRocketMQMessageConverter' of type [org.apache.rocketmq.spring.support.RocketMQMessageConverter] is not eligible for getting processed by all BeanPostProcessors (for example: not eligible for auto-proxying)
2025-09-03T10:30:54.115+08:00  INFO 6632 --- [           main] trationDelegate$BeanPostProcessorChecker : Bean 'rocketmq-org.apache.rocketmq.spring.autoconfigure.RocketMQProperties' of type [org.apache.rocketmq.spring.autoconfigure.RocketMQProperties] is not eligible for getting processed by all BeanPostProcessors (for example: not eligible for auto-proxying)
2025-09-03T10:30:54.117+08:00  INFO 6632 --- [           main] trationDelegate$BeanPostProcessorChecker : Bean 'rocketMQMessageListenerContainerRegistrar' of type [org.apache.rocketmq.spring.support.RocketMQMessageListenerContainerRegistrar] is not eligible for getting processed by all BeanPostProcessors (for example: not eligible for auto-proxying)
2025-09-03T10:30:54.124+08:00  WARN 6632 --- [           main] s.c.a.AnnotationConfigApplicationContext : Exception encountered during context initialization - cancelling refresh attempt: org.springframework.beans.factory.UnsatisfiedDependencyException: Error creating bean with name 'rocketmqAndKafkaApplication': Unsatisfied dependency expressed through constructor parameter 0: No qualifying bean of type 'org.apache.rocketmq.spring.core.RocketMQTemplate' available: expected at least 1 bean which qualifies as autowire candidate. Dependency annotations: {}
2025-09-03T10:30:54.135+08:00  INFO 6632 --- [           main] .s.b.a.l.ConditionEvaluationReportLogger : 

Error starting ApplicationContext. To display the condition evaluation report re-run your application with 'debug' enabled.
2025-09-03T10:30:54.172+08:00 ERROR 6632 --- [           main] o.s.b.d.LoggingFailureAnalysisReporter   : 

***************************
APPLICATION FAILED TO START
***************************

Description:

Parameter 0 of constructor in com.example.RocketmqAndKafkaApplication required a bean of type 'org.apache.rocketmq.spring.core.RocketMQTemplate' that could not be found.


Action:

Consider defining a bean of type 'org.apache.rocketmq.spring.core.RocketMQTemplate' in your configuration.

2025-09-03T10:30:54.181+08:00 ERROR 6632 --- [           main] o.s.test.context.TestContextManager      : Caught exception while allowing TestExecutionListener [org.springframework.test.context.support.DependencyInjectionTestExecutionListener] to prepare test instance [com.example.RocketMQTest@67514bdd]

java.lang.IllegalStateException: Failed to load ApplicationContext for [MergedContextConfiguration@1a22e0ef testClass = com.example.RocketMQTest, locations = [], classes = [com.example.RocketmqAndKafkaApplication], contextInitializerClasses = [], activeProfiles = [], propertySourceLocations = [], propertySourceProperties = ["org.springframework.boot.test.context.SpringBootTestContextBootstrapper=true"], contextCustomizers = [org.springframework.boot.test.context.filter.ExcludeFilterContextCustomizer@413d1baf, org.springframework.boot.test.json.DuplicateJsonObjectContextCustomizerFactory$DuplicateJsonObjectContextCustomizer@5524cca1, org.springframework.boot.test.mock.mockito.MockitoContextCustomizer@0, org.springframework.boot.test.web.client.TestRestTemplateContextCustomizer@221a3fa4, org.springframework.boot.test.autoconfigure.actuate.observability.ObservabilityContextCustomizerFactory$DisableObservabilityContextCustomizer@1f, org.springframework.boot.test.autoconfigure.properties.PropertyMappingContextCustomizer@0, org.springframework.boot.test.autoconfigure.web.servlet.WebDriverContextCustomizerFactory$Customizer@4a8355dd, org.springframework.boot.test.context.SpringBootTestAnnotation@a6d6b158], contextLoader = org.springframework.boot.test.context.SpringBootContextLoader, parent = null]
	at org.springframework.test.context.cache.DefaultCacheAwareContextLoaderDelegate.loadContext(DefaultCacheAwareContextLoaderDelegate.java:142) ~[spring-test-6.0.9.jar:6.0.9]
	at org.springframework.test.context.support.DefaultTestContext.getApplicationContext(DefaultTestContext.java:127) ~[spring-test-6.0.9.jar:6.0.9]
	at org.springframework.test.context.support.DependencyInjectionTestExecutionListener.injectDependencies(DependencyInjectionTestExecutionListener.java:141) ~[spring-test-6.0.9.jar:6.0.9]
	at org.springframework.test.context.support.DependencyInjectionTestExecutionListener.prepareTestInstance(DependencyInjectionTestExecutionListener.java:97) ~[spring-test-6.0.9.jar:6.0.9]
	at org.springframework.test.context.TestContextManager.prepareTestInstance(TestContextManager.java:241) ~[spring-test-6.0.9.jar:6.0.9]
	at org.springframework.test.context.junit.jupiter.SpringExtension.postProcessTestInstance(SpringExtension.java:138) ~[spring-test-6.0.9.jar:6.0.9]
	at org.junit.jupiter.engine.descriptor.ClassBasedTestDescriptor.lambda$invokeTestInstancePostProcessors$10(ClassBasedTestDescriptor.java:377) ~[junit-jupiter-engine-5.9.3.jar:5.9.3]
	at org.junit.jupiter.engine.descriptor.ClassBasedTestDescriptor.executeAndMaskThrowable(ClassBasedTestDescriptor.java:382) ~[junit-jupiter-engine-5.9.3.jar:5.9.3]
	at org.junit.jupiter.engine.descriptor.ClassBasedTestDescriptor.lambda$invokeTestInstancePostProcessors$11(ClassBasedTestDescriptor.java:377) ~[junit-jupiter-engine-5.9.3.jar:5.9.3]
	at java.base/java.util.stream.ReferencePipeline$3$1.accept(ReferencePipeline.java:197) ~[na:na]
	at java.base/java.util.stream.ReferencePipeline$2$1.accept(ReferencePipeline.java:179) ~[na:na]
	at java.base/java.util.ArrayList$ArrayListSpliterator.forEachRemaining(ArrayList.java:1625) ~[na:na]
	at java.base/java.util.stream.AbstractPipeline.copyInto(AbstractPipeline.java:509) ~[na:na]
	at java.base/java.util.stream.AbstractPipeline.wrapAndCopyInto(AbstractPipeline.java:499) ~[na:na]
	at java.base/java.util.stream.StreamSpliterators$WrappingSpliterator.forEachRemaining(StreamSpliterators.java:310) ~[na:na]
	at java.base/java.util.stream.Streams$ConcatSpliterator.forEachRemaining(Streams.java:735) ~[na:na]
	at java.base/java.util.stream.Streams$ConcatSpliterator.forEachRemaining(Streams.java:734) ~[na:na]
	at java.base/java.util.stream.ReferencePipeline$Head.forEach(ReferencePipeline.java:762) ~[na:na]
	at org.junit.jupiter.engine.descriptor.ClassBasedTestDescriptor.invokeTestInstancePostProcessors(ClassBasedTestDescriptor.java:376) ~[junit-jupiter-engine-5.9.3.jar:5.9.3]
	at org.junit.jupiter.engine.descriptor.ClassBasedTestDescriptor.lambda$instantiateAndPostProcessTestInstance$6(ClassBasedTestDescriptor.java:289) ~[junit-jupiter-engine-5.9.3.jar:5.9.3]
	at org.junit.platform.engine.support.hierarchical.ThrowableCollector.execute(ThrowableCollector.java:73) ~[junit-platform-engine-1.9.3.jar:1.9.3]
	at org.junit.jupiter.engine.descriptor.ClassBasedTestDescriptor.instantiateAndPostProcessTestInstance(ClassBasedTestDescriptor.java:288) ~[junit-jupiter-engine-5.9.3.jar:5.9.3]
	at org.junit.jupiter.engine.descriptor.ClassBasedTestDescriptor.lambda$testInstancesProvider$4(ClassBasedTestDescriptor.java:278) ~[junit-jupiter-engine-5.9.3.jar:5.9.3]
	at java.base/java.util.Optional.orElseGet(Optional.java:364) ~[na:na]
	at org.junit.jupiter.engine.descriptor.ClassBasedTestDescriptor.lambda$testInstancesProvider$5(ClassBasedTestDescriptor.java:277) ~[junit-jupiter-engine-5.9.3.jar:5.9.3]
	at org.junit.jupiter.engine.execution.TestInstancesProvider.getTestInstances(TestInstancesProvider.java:31) ~[junit-jupiter-engine-5.9.3.jar:5.9.3]
	at org.junit.jupiter.engine.descriptor.TestMethodTestDescriptor.lambda$prepare$0(TestMethodTestDescriptor.java:105) ~[junit-jupiter-engine-5.9.3.jar:5.9.3]
	at org.junit.platform.engine.support.hierarchical.ThrowableCollector.execute(ThrowableCollector.java:73) ~[junit-platform-engine-1.9.3.jar:1.9.3]
	at org.junit.jupiter.engine.descriptor.TestMethodTestDescriptor.prepare(TestMethodTestDescriptor.java:104) ~[junit-jupiter-engine-5.9.3.jar:5.9.3]
	at org.junit.jupiter.engine.descriptor.TestMethodTestDescriptor.prepare(TestMethodTestDescriptor.java:68) ~[junit-jupiter-engine-5.9.3.jar:5.9.3]
	at org.junit.platform.engine.support.hierarchical.NodeTestTask.lambda$prepare$2(NodeTestTask.java:123) ~[junit-platform-engine-1.9.3.jar:1.9.3]
	at org.junit.platform.engine.support.hierarchical.ThrowableCollector.execute(ThrowableCollector.java:73) ~[junit-platform-engine-1.9.3.jar:1.9.3]
	at org.junit.platform.engine.support.hierarchical.NodeTestTask.prepare(NodeTestTask.java:123) ~[junit-platform-engine-1.9.3.jar:1.9.3]
	at org.junit.platform.engine.support.hierarchical.NodeTestTask.execute(NodeTestTask.java:90) ~[junit-platform-engine-1.9.3.jar:1.9.3]
	at java.base/java.util.ArrayList.forEach(ArrayList.java:1511) ~[na:na]
	at org.junit.platform.engine.support.hierarchical.SameThreadHierarchicalTestExecutorService.invokeAll(SameThreadHierarchicalTestExecutorService.java:41) ~[junit-platform-engine-1.9.3.jar:1.9.3]
	at org.junit.platform.engine.support.hierarchical.NodeTestTask.lambda$executeRecursively$6(NodeTestTask.java:155) ~[junit-platform-engine-1.9.3.jar:1.9.3]
	at org.junit.platform.engine.support.hierarchical.ThrowableCollector.execute(ThrowableCollector.java:73) ~[junit-platform-engine-1.9.3.jar:1.9.3]
	at org.junit.platform.engine.support.hierarchical.NodeTestTask.lambda$executeRecursively$8(NodeTestTask.java:141) ~[junit-platform-engine-1.9.3.jar:1.9.3]
	at org.junit.platform.engine.support.hierarchical.Node.around(Node.java:137) ~[junit-platform-engine-1.9.3.jar:1.9.3]
	at org.junit.platform.engine.support.hierarchical.NodeTestTask.lambda$executeRecursively$9(NodeTestTask.java:139) ~[junit-platform-engine-1.9.3.jar:1.9.3]
	at org.junit.platform.engine.support.hierarchical.ThrowableCollector.execute(ThrowableCollector.java:73) ~[junit-platform-engine-1.9.3.jar:1.9.3]
	at org.junit.platform.engine.support.hierarchical.NodeTestTask.executeRecursively(NodeTestTask.java:138) ~[junit-platform-engine-1.9.3.jar:1.9.3]
	at org.junit.platform.engine.support.hierarchical.NodeTestTask.execute(NodeTestTask.java:95) ~[junit-platform-engine-1.9.3.jar:1.9.3]
	at java.base/java.util.ArrayList.forEach(ArrayList.java:1511) ~[na:na]
	at org.junit.platform.engine.support.hierarchical.SameThreadHierarchicalTestExecutorService.invokeAll(SameThreadHierarchicalTestExecutorService.java:41) ~[junit-platform-engine-1.9.3.jar:1.9.3]
	at org.junit.platform.engine.support.hierarchical.NodeTestTask.lambda$executeRecursively$6(NodeTestTask.java:155) ~[junit-platform-engine-1.9.3.jar:1.9.3]
	at org.junit.platform.engine.support.hierarchical.ThrowableCollector.execute(ThrowableCollector.java:73) ~[junit-platform-engine-1.9.3.jar:1.9.3]
	at org.junit.platform.engine.support.hierarchical.NodeTestTask.lambda$executeRecursively$8(NodeTestTask.java:141) ~[junit-platform-engine-1.9.3.jar:1.9.3]
	at org.junit.platform.engine.support.hierarchical.Node.around(Node.java:137) ~[junit-platform-engine-1.9.3.jar:1.9.3]
	at org.junit.platform.engine.support.hierarchical.NodeTestTask.lambda$executeRecursively$9(NodeTestTask.java:139) ~[junit-platform-engine-1.9.3.jar:1.9.3]
	at org.junit.platform.engine.support.hierarchical.ThrowableCollector.execute(ThrowableCollector.java:73) ~[junit-platform-engine-1.9.3.jar:1.9.3]
	at org.junit.platform.engine.support.hierarchical.NodeTestTask.executeRecursively(NodeTestTask.java:138) ~[junit-platform-engine-1.9.3.jar:1.9.3]
	at org.junit.platform.engine.support.hierarchical.NodeTestTask.execute(NodeTestTask.java:95) ~[junit-platform-engine-1.9.3.jar:1.9.3]
	at org.junit.platform.engine.support.hierarchical.SameThreadHierarchicalTestExecutorService.submit(SameThreadHierarchicalTestExecutorService.java:35) ~[junit-platform-engine-1.9.3.jar:1.9.3]
	at org.junit.platform.engine.support.hierarchical.HierarchicalTestExecutor.execute(HierarchicalTestExecutor.java:57) ~[junit-platform-engine-1.9.3.jar:1.9.3]
	at org.junit.platform.engine.support.hierarchical.HierarchicalTestEngine.execute(HierarchicalTestEngine.java:54) ~[junit-platform-engine-1.9.3.jar:1.9.3]
	at org.junit.platform.launcher.core.DefaultLauncher.execute(DefaultLauncher.java:220) ~[junit-platform-launcher-1.3.1.jar:1.3.1]
	at org.junit.platform.launcher.core.DefaultLauncher.lambda$execute$6(DefaultLauncher.java:188) ~[junit-platform-launcher-1.3.1.jar:1.3.1]
	at org.junit.platform.launcher.core.DefaultLauncher.withInterceptedStreams(DefaultLauncher.java:202) ~[junit-platform-launcher-1.3.1.jar:1.3.1]
	at org.junit.platform.launcher.core.DefaultLauncher.execute(DefaultLauncher.java:181) ~[junit-platform-launcher-1.3.1.jar:1.3.1]
	at org.junit.platform.launcher.core.DefaultLauncher.execute(DefaultLauncher.java:128) ~[junit-platform-launcher-1.3.1.jar:1.3.1]
	at org.apache.maven.surefire.junitplatform.JUnitPlatformProvider.invokeAllTests(JUnitPlatformProvider.java:150) ~[surefire-junit-platform-2.22.2.jar:2.22.2]
	at org.apache.maven.surefire.junitplatform.JUnitPlatformProvider.invoke(JUnitPlatformProvider.java:124) ~[surefire-junit-platform-2.22.2.jar:2.22.2]
	at org.apache.maven.surefire.booter.ForkedBooter.invokeProviderInSameClassLoader(ForkedBooter.java:384) ~[surefire-booter-2.22.2.jar:2.22.2]
	at org.apache.maven.surefire.booter.ForkedBooter.runSuitesInProcess(ForkedBooter.java:345) ~[surefire-booter-2.22.2.jar:2.22.2]
	at org.apache.maven.surefire.booter.ForkedBooter.execute(ForkedBooter.java:126) ~[surefire-booter-2.22.2.jar:2.22.2]
	at org.apache.maven.surefire.booter.ForkedBooter.main(ForkedBooter.java:418) ~[surefire-booter-2.22.2.jar:2.22.2]
Caused by: org.springframework.beans.factory.UnsatisfiedDependencyException: Error creating bean with name 'rocketmqAndKafkaApplication': Unsatisfied dependency expressed through constructor parameter 0: No qualifying bean of type 'org.apache.rocketmq.spring.core.RocketMQTemplate' available: expected at least 1 bean which qualifies as autowire candidate. Dependency annotations: {}
	at org.springframework.beans.factory.support.ConstructorResolver.createArgumentArray(ConstructorResolver.java:800) ~[spring-beans-6.0.9.jar:6.0.9]
	at org.springframework.beans.factory.support.ConstructorResolver.autowireConstructor(ConstructorResolver.java:245) ~[spring-beans-6.0.9.jar:6.0.9]
	at org.springframework.beans.factory.support.AbstractAutowireCapableBeanFactory.autowireConstructor(AbstractAutowireCapableBeanFactory.java:1352) ~[spring-beans-6.0.9.jar:6.0.9]
	at org.springframework.beans.factory.support.AbstractAutowireCapableBeanFactory.createBeanInstance(AbstractAutowireCapableBeanFactory.java:1189) ~[spring-beans-6.0.9.jar:6.0.9]
	at org.springframework.beans.factory.support.AbstractAutowireCapableBeanFactory.doCreateBean(AbstractAutowireCapableBeanFactory.java:560) ~[spring-beans-6.0.9.jar:6.0.9]
	at org.springframework.beans.factory.support.AbstractAutowireCapableBeanFactory.createBean(AbstractAutowireCapableBeanFactory.java:520) ~[spring-beans-6.0.9.jar:6.0.9]
	at org.springframework.beans.factory.support.AbstractBeanFactory.lambda$doGetBean$0(AbstractBeanFactory.java:326) ~[spring-beans-6.0.9.jar:6.0.9]
	at org.springframework.beans.factory.support.DefaultSingletonBeanRegistry.getSingleton(DefaultSingletonBeanRegistry.java:234) ~[spring-beans-6.0.9.jar:6.0.9]
	at org.springframework.beans.factory.support.AbstractBeanFactory.doGetBean(AbstractBeanFactory.java:324) ~[spring-beans-6.0.9.jar:6.0.9]
	at org.springframework.beans.factory.support.AbstractBeanFactory.getBean(AbstractBeanFactory.java:200) ~[spring-beans-6.0.9.jar:6.0.9]
	at org.springframework.beans.factory.support.DefaultListableBeanFactory.preInstantiateSingletons(DefaultListableBeanFactory.java:973) ~[spring-beans-6.0.9.jar:6.0.9]
	at org.springframework.context.support.AbstractApplicationContext.finishBeanFactoryInitialization(AbstractApplicationContext.java:941) ~[spring-context-6.0.9.jar:6.0.9]
	at org.springframework.context.support.AbstractApplicationContext.refresh(AbstractApplicationContext.java:608) ~[spring-context-6.0.9.jar:6.0.9]
	at org.springframework.boot.SpringApplication.refresh(SpringApplication.java:732) ~[spring-boot-3.0.7.jar:3.0.7]
	at org.springframework.boot.SpringApplication.refreshContext(SpringApplication.java:434) ~[spring-boot-3.0.7.jar:3.0.7]
	at org.springframework.boot.SpringApplication.run(SpringApplication.java:310) ~[spring-boot-3.0.7.jar:3.0.7]
	at org.springframework.boot.test.context.SpringBootContextLoader.lambda$loadContext$3(SpringBootContextLoader.java:137) ~[spring-boot-test-3.0.7.jar:3.0.7]
	at org.springframework.util.function.ThrowingSupplier.get(ThrowingSupplier.java:58) ~[spring-core-6.0.9.jar:6.0.9]
	at org.springframework.util.function.ThrowingSupplier.get(ThrowingSupplier.java:46) ~[spring-core-6.0.9.jar:6.0.9]
	at org.springframework.boot.SpringApplication.withHook(SpringApplication.java:1388) ~[spring-boot-3.0.7.jar:3.0.7]
	at org.springframework.boot.test.context.SpringBootContextLoader$ContextLoaderHook.run(SpringBootContextLoader.java:545) ~[spring-boot-test-3.0.7.jar:3.0.7]
	at org.springframework.boot.test.context.SpringBootContextLoader.loadContext(SpringBootContextLoader.java:137) ~[spring-boot-test-3.0.7.jar:3.0.7]
	at org.springframework.boot.test.context.SpringBootContextLoader.loadContext(SpringBootContextLoader.java:108) ~[spring-boot-test-3.0.7.jar:3.0.7]
	at org.springframework.test.context.cache.DefaultCacheAwareContextLoaderDelegate.loadContextInternal(DefaultCacheAwareContextLoaderDelegate.java:184) ~[spring-test-6.0.9.jar:6.0.9]
	at org.springframework.test.context.cache.DefaultCacheAwareContextLoaderDelegate.loadContext(DefaultCacheAwareContextLoaderDelegate.java:118) ~[spring-test-6.0.9.jar:6.0.9]
	... 67 common frames omitted
Caused by: org.springframework.beans.factory.NoSuchBeanDefinitionException: No qualifying bean of type 'org.apache.rocketmq.spring.core.RocketMQTemplate' available: expected at least 1 bean which qualifies as autowire candidate. Dependency annotations: {}
	at org.springframework.beans.factory.support.DefaultListableBeanFactory.raiseNoMatchingBeanFound(DefaultListableBeanFactory.java:1824) ~[spring-beans-6.0.9.jar:6.0.9]
	at org.springframework.beans.factory.support.DefaultListableBeanFactory.doResolveDependency(DefaultListableBeanFactory.java:1383) ~[spring-beans-6.0.9.jar:6.0.9]
	at org.springframework.beans.factory.support.DefaultListableBeanFactory.resolveDependency(DefaultListableBeanFactory.java:1337) ~[spring-beans-6.0.9.jar:6.0.9]
	at org.springframework.beans.factory.support.ConstructorResolver.resolveAutowiredArgument(ConstructorResolver.java:888) ~[spring-beans-6.0.9.jar:6.0.9]
	at org.springframework.beans.factory.support.ConstructorResolver.createArgumentArray(ConstructorResolver.java:791) ~[spring-beans-6.0.9.jar:6.0.9]
	... 91 common frames omitted

]]></system-out>
    <system-err><![CDATA[


============================
CONDITIONS EVALUATION REPORT
============================


Positive matches:
-----------------

    None


Negative matches:
-----------------

    None


Exclusions:
-----------

    None


Unconditional classes:
----------------------

    None



]]></system-err>
  </testcase>
</testsuite>